<?xml version="1.0" encoding="UTF-8"?>
<testng-results skipped="0" failed="0" ignored="0" total="1" passed="1">
  <reporter-output>
  </reporter-output>
  <suite name="Default suite" duration-ms="13944" started-at="2019-12-26T15:05:43Z" finished-at="2019-12-26T15:05:57Z">
    <groups>
    </groups>
    <test name="Default test" duration-ms="13944" started-at="2019-12-26T15:05:43Z" finished-at="2019-12-26T15:05:57Z">
      <class name="tests.UserRegistrationTestWithJavaFaker">
        <test-method status="PASS" signature="startDriver(java.lang.String)[pri:0, instance:tests.UserRegistrationTestWithJavaFaker@16257f8c]" name="startDriver" is-config="true" duration-ms="7865" started-at="2019-12-26T15:05:35Z" finished-at="2019-12-26T15:05:43Z">
          <params>
            <param index="0">
              <value>
                <![CDATA[chrome]]>
              </value>
            </param>
          </params>
          <reporter-output>
          </reporter-output>
        </test-method> <!-- startDriver -->
        <test-method status="PASS" signature="userCanRegisterSucessfull()[pri:1, instance:tests.UserRegistrationTestWithJavaFaker@16257f8c]" name="userCanRegisterSucessfull" duration-ms="13812" started-at="2019-12-26T15:05:43Z" finished-at="2019-12-26T15:05:57Z">
          <reporter-output>
          </reporter-output>
        </test-method> <!-- userCanRegisterSucessfull -->
        <test-method status="PASS" signature="tearDown(org.testng.ITestResult)[pri:0, instance:tests.UserRegistrationTestWithJavaFaker@16257f8c]" name="tearDown" is-config="true" duration-ms="1" started-at="2019-12-26T15:05:57Z" finished-at="2019-12-26T15:05:57Z">
          <params>
            <param index="0">
              <value>
                <![CDATA[[TestResult name=userCanRegisterSucessfull status=SUCCESS method=UserRegistrationTestWithJavaFaker.userCanRegisterSucessfull()[pri:1, instance:tests.UserRegistrationTestWithJavaFaker@16257f8c] output={null}]]]>
              </value>
            </param>
          </params>
          <reporter-output>
          </reporter-output>
        </test-method> <!-- tearDown -->
        <test-method status="PASS" signature="stopDriver()[pri:0, instance:tests.UserRegistrationTestWithJavaFaker@16257f8c]" name="stopDriver" is-config="true" duration-ms="825" started-at="2019-12-26T15:05:57Z" finished-at="2019-12-26T15:05:58Z">
          <reporter-output>
          </reporter-output>
        </test-method> <!-- stopDriver -->
      </class> <!-- tests.UserRegistrationTestWithJavaFaker -->
    </test> <!-- Default test -->
  </suite> <!-- Default suite -->
</testng-results>
